<?xml version="1.0" encoding="UTF-8"?>
<!-- Generated by org.testng.reporters.JUnitReportReporter -->
<testsuite hostname="rganjare" failures="0" tests="1" name="com.companyname.projectname.modulename.test.LoginToInstagram" time="29.975" errors="0" timestamp="2025-02-24T22:31:01 IST" skipped="0">
  <testcase classname="com.companyname.projectname.modulename.test.LoginToInstagram" name="loginToInstagram" time="29.975"/>
</testsuite> <!-- com.companyname.projectname.modulename.test.LoginToInstagram -->
