<?xml version="1.0" encoding="UTF-8"?>
<!-- Generated by org.testng.reporters.JUnitReportReporter -->
<testsuite hostname="rganjare" failures="0" tests="1" name="com.companyname.projectname.modulename.test.SelectDropDownBoxValue2" time="32.435" errors="0" timestamp="2025-02-17T22:29:22 IST" skipped="0">
  <testcase classname="com.companyname.projectname.modulename.test.SelectDropDownBoxValue2" name="getAllLinksFromThePage1" time="32.435"/>
</testsuite> <!-- com.companyname.projectname.modulename.test.SelectDropDownBoxValue2 -->
