<?xml version="1.0" encoding="UTF-8"?>
<!-- Generated by org.testng.reporters.JUnitReportReporter -->
<testsuite hostname="rganjare" failures="0" tests="2" name="com.companyname.projectname.modulename.test.TestNGAnnotations" time="0.051" errors="0" timestamp="2025-02-17T21:31:56 IST" skipped="0">
  <testcase classname="com.companyname.projectname.modulename.test.TestNGAnnotations" name="testCase1" time="0.040"/>
  <testcase classname="com.companyname.projectname.modulename.test.TestNGAnnotations" name="testCase2" time="0.011"/>
</testsuite> <!-- com.companyname.projectname.modulename.test.TestNGAnnotations -->
