<?xml version="1.0" encoding="UTF-8"?>
<!-- Generated by org.testng.reporters.JUnitReportReporter -->
<testsuite hostname="rganjare" failures="0" tests="1" name="com.companyname.projectname.modulename.test.AutomationExerciseSignup" time="15.913" errors="0" timestamp="2025-02-28T19:27:15 IST" skipped="0">
  <testcase classname="com.companyname.projectname.modulename.test.AutomationExerciseSignup" name="userSignupTest" time="15.913"/>
</testsuite> <!-- com.companyname.projectname.modulename.test.AutomationExerciseSignup -->
