<?xml version="1.0" encoding="UTF-8"?>
<!-- Generated by org.testng.reporters.JUnitReportReporter -->
<testsuite hostname="rganjare" failures="0" tests="1" name="com.companyname.projectname.modulename.test.LoginToInstagramReport" time="15.667" errors="0" timestamp="2025-02-24T17:35:35 IST" skipped="0">
  <testcase classname="com.companyname.projectname.modulename.test.LoginToInstagramReport" name="loginToInstagram" time="15.667"/>
</testsuite> <!-- com.companyname.projectname.modulename.test.LoginToInstagramReport -->
