<?xml version="1.0" encoding="UTF-8"?>
<!-- Generated by org.testng.reporters.JUnitReportReporter -->
<testsuite hostname="rganjare" failures="0" tests="5" name="com.companyname.projectname.modulename.test.SelectDropDownBoxValue" time="52.851" errors="0" timestamp="2025-02-12T22:39:37 IST" skipped="0">
  <testcase classname="com.companyname.projectname.modulename.test.SelectDropDownBoxValue" name="selectDropDownBoxValue5" time="14.782"/>
  <testcase classname="com.companyname.projectname.modulename.test.SelectDropDownBoxValue" name="getAllLinksFromThePage1" time="9.457"/>
  <testcase classname="com.companyname.projectname.modulename.test.SelectDropDownBoxValue" name="getAllLinksFromThePage3" time="9.082"/>
  <testcase classname="com.companyname.projectname.modulename.test.SelectDropDownBoxValue" name="getAllLinksFromThePage4" time="10.412"/>
  <testcase classname="com.companyname.projectname.modulename.test.SelectDropDownBoxValue" name="getAllLinksFromThePage2" time="9.118"/>
</testsuite> <!-- com.companyname.projectname.modulename.test.SelectDropDownBoxValue -->
