<?xml version="1.0" encoding="UTF-8"?>
<!-- Generated by org.testng.reporters.JUnitReportReporter -->
<testsuite hostname="rganjare" failures="0" tests="1" name="com.companyname.projectname.modulename.test.TestNGClass" time="0.028" errors="0" timestamp="2025-02-12T22:16:38 IST" skipped="0">
  <testcase classname="com.companyname.projectname.modulename.test.TestNGClass" name="testNG" time="0.028"/>
</testsuite> <!-- com.companyname.projectname.modulename.test.TestNGClass -->
