<?xml version="1.0" encoding="UTF-8"?>
<!-- Generated by org.testng.reporters.JUnitReportReporter -->
<testsuite hostname="rganjare" failures="0" tests="1" name="com.companyname.projectname.modulename.testcases.RegisterUserWithPOMDP" time="19.149" errors="0" timestamp="2025-04-09T20:32:08 IST" skipped="0">
  <testcase classname="com.companyname.projectname.modulename.testcases.RegisterUserWithPOMDP" name="registerUserWithPOM" time="19.149"/>
</testsuite> <!-- com.companyname.projectname.modulename.testcases.RegisterUserWithPOMDP -->
