<?xml version="1.0" encoding="UTF-8"?>
<!-- Generated by org.testng.reporters.JUnitReportReporter -->
<testsuite hostname="rganjare" failures="0" tests="1" name="com.companyname.projectname.modulename.testcases.LoginUserWithCorrectEmailAndPassword2" time="17.314" errors="0" timestamp="2025-04-09T20:32:08 IST" skipped="0">
  <testcase classname="com.companyname.projectname.modulename.testcases.LoginUserWithCorrectEmailAndPassword2" name="loginUserWithCorrectEmailAndPassword2" time="17.314"/>
</testsuite> <!-- com.companyname.projectname.modulename.testcases.LoginUserWithCorrectEmailAndPassword2 -->
