<?xml version="1.0" encoding="UTF-8"?>
<!-- Generated by org.testng.reporters.JUnitReportReporter -->
<testsuite hostname="rganjare" failures="0" tests="1" name="com.companyname.projectname.modulename.testcases.LoginUserWithCorrectEmailAndPassword2" time="30.518" errors="0" timestamp="2025-04-18T21:38:44 IST" skipped="0">
  <testcase classname="com.companyname.projectname.modulename.testcases.LoginUserWithCorrectEmailAndPassword2" name="loginUserWithCorrectEmailAndPassword2" time="30.518"/>
</testsuite> <!-- com.companyname.projectname.modulename.testcases.LoginUserWithCorrectEmailAndPassword2 -->
